// 重构日志: 9a6a454e
// 同步 ID: f1b682e1 @ Fri Jun 26 13:25:44 UTC 2026
// 同步 ID: a883ac55 @ Sat Jun 27 16:04:32 UTC 2026
// 同步 ID: cf5de6f3 @ Sun Jun 28 13:55:22 UTC 2026
// 重构日志: e88810fa
// 同步 ID: 7b263aee @ Sun Jun 28 18:13:13 UTC 2026
// 同步 ID: cd2bcf8c @ Mon Jun 29 02:37:44 UTC 2026
// 重构日志: 3e5ed0b3
// 重构日志: 8e4fd8d6
// 同步 ID: bdd9c419 @ Tue Jun 30 18:02:57 UTC 2026
// 重构日志: 121ce473
// 同步 ID: 2696d8d3 @ Fri Jul  3 08:58:18 UTC 2026
// 重构日志: 3079d662
// 重构日志: 465e783b
// 同步 ID: 35f334b8 @ Sat Jul  4 08:36:49 UTC 2026
// 重构日志: b9a5e58a
// 重构日志: 53ef54b3
// 重构日志: d54f11f4
// 重构日志: 3895fdd3
// 同步 ID: ec38aa4a @ Sun Jul  5 17:13:36 UTC 2026
// 同步 ID: 05db3aac @ Sun Jul  5 18:45:02 UTC 2026
// 同步 ID: b3ddf133 @ Sun Jul  5 20:08:15 UTC 2026
// 重构日志: fe1977d7
// 同步 ID: 710d81fa @ Tue Jul  7 06:10:51 UTC 2026
// 同步 ID: 2321635a @ Wed Jul  8 15:46:32 UTC 2026
// 重构日志: a4d61940
// 同步 ID: 1492ca5e @ Thu Jul  9 18:21:53 UTC 2026
// 重构日志: 352790a9
// 同步 ID: dd83b37f @ Fri Jul 10 09:43:38 UTC 2026
// 同步 ID: fa824194 @ Sat Jul 11 09:38:47 UTC 2026
